----------------------------------------------------------------------------------------------------------
      name:  <unnamed>
       log:  C:\users\crossover\My Documents\Studies\EBGN590_Econometrics\Project due mid April\Appendix H
> _Statistical Output File.log
  log type:  text
 opened on:  25 Apr 2016, 23:52:48

. do "C:\users\crossover\Temp\STD03000000.tmp"

. import delimited "C:\users\crossover\My Documents\Studies\EBGN590_Econometrics\Project due mid April\Eco
> nometric Analysis Data.csv"
(21 vars, 1836 obs)
. 
end of do-file

. gen VMT=vmt_state*1000000

. 
. gen VMA=VMT/adult_pop

. 
. gen vma=ln(VMA)

. 
. gen VEH=(no_auto+no_truck)/adult_pop

. 
. gen veh=ln(VEH)

. 
. gen F=fuel_intensity

. 
. gen PF=(gas_price+state_gas_tax+fed_gas_tax)/(cpi_87/100)

. 
. gen PM=PF*F

. 
. gen ln_PM=ln(PM)

. 
. egen mean_lnPM=mean(ln(PM))

. 
. gen pm=ln(PM)-mean_lnPM

. 
. gen INC=(state_income/(cpi_87/100))/state_population

. 
. gen ln_INC=ln(INC)

. 
. egen mean_ln_INC=mean(ln(INC))

. 
. gen inc=ln_INC-mean_ln_INC

. 
. gen ARM=adult_pop/road_mileage

. 
. gen arm=ln(ARM)

. 
. gen POPA=state_population/adult_pop

. 
. gen popa=ln(POPA)

. 
. gen URB=urbanization

. 
. egen mean_URB=mean(URB)

. 
. gen urb=URB-mean_URB

. 
. rename railpop RAILPOP

. 
. gen D7479=0

. 
. replace D7479=1 if year==1974
(51 real changes made)

. 
. replace D7479=1 if year==1979
(51 real changes made)

. 
. gen TREND=year-1966

. 
. gen pf=ln(PF)

. 
. gen PV=new_car_price/100

. 
. gen pv=ln(PV)

. 
. gen LA=lic_driver/adult_pop

. 
. gen la=ln(LA)

. 
. rename cafe_strictness cafe

. 
. summarize VMT VMA vma VEH veh F PF PM pm INC inc ARM arm POPA popa URB urb RAILPOP D7479 TREND pf PV pv 
> LA la cafe

    Variable |       Obs        Mean    Std. Dev.       Min        Max
-------------+--------------------------------------------------------
         VMT |      1836    3.52e+10    3.93e+10   8.30e+08   3.11e+11
         VMA |      1836    10929.33    2537.714   4747.613   23333.33
         vma |      1836    9.272163    .2347629   8.465397   10.05764
         VEH |      1836    .9988207    .1886173   .4581347   1.715531
         veh |      1836   -.0198805    .1972955   -.780592   .5397229
-------------+--------------------------------------------------------
           F |      1836    .0614961    .0123899   .0344372   .0918538
          PF |      1836    108.9218    23.52357   60.31951   194.9071
          PM |      1836    6.813978    2.275399   2.781963   14.20456
          pm |      1836   -5.59e-08    .3489949  -.8369461   .7934598
         INC |      1836    14586.85    3315.928   6453.909   27266.93
-------------+--------------------------------------------------------
         inc |      1836    4.79e-07    .2278598  -.7897434   .6512451
         ARM |      1836    57.72775    68.27413   2.583309    490.198
         arm |      1836    3.614366    .9351353   .9490711   6.194809
        POPA |      1836    1.417545    .0902755   1.231386   1.736021
        popa |      1836    .3469535    .0624242   .2081403   .5515958
-------------+--------------------------------------------------------
         URB |      1836    .7129474    .1949459    .289518          1
         urb |      1836    1.12e-08    .1949459  -.4234294   .2870526
     RAILPOP |      1836    .0883685    .2073114          0          1
       D7479 |      1836    .0555556    .2291238          0          1
       TREND |      1836        17.5    10.39112          0         35
-------------+--------------------------------------------------------
          pf |      1836    4.669255    .2032318   4.099656   5.272523
          PV |      1836    1.066287    .1971629   .7774588    1.49303
          pv |      1836    .0479517    .1781226  -.2517246   .4008076
          LA |      1836    .9049915    .0831045   .6252601   1.149491
          la |      1836   -.1041918    .0943726  -.4695876    .139319
-------------+--------------------------------------------------------
        cafe |      1836    .1031098    .1126547          0    .349114

. 
. format VMT VMA vma VEH veh F PF PM pm INC inc ARM arm POPA popa URB urb RAILPOP D7479 TREND pf PV pv LA 
> la cafe %09.3fc

. 
. summarize VMT VMA vma VEH veh F PF PM pm INC inc ARM arm POPA popa URB urb RAILPOP D7479 TREND pf PV pv 
> LA la cafe, format

    Variable |       Obs        Mean    Std. Dev.       Min        Max
-------------+--------------------------------------------------------
         VMT |      1836    3.52e+10    3.93e+10   8.30e+08   3.11e+11
         VMA |      1836   10929.332   2,537.714  4,747.613  23333.326
         vma |      1836       9.272       0.235      8.465     10.058
         VEH |      1836       0.999       0.189      0.458      1.716
         veh |      1836      -0.020       0.197     -0.781      0.540
-------------+--------------------------------------------------------
           F |      1836       0.061       0.012      0.034      0.092
          PF |      1836     108.922      23.524     60.320    194.907
          PM |      1836       6.814       2.275      2.782     14.205
          pm |      1836      -0.000       0.349     -0.837      0.793
         INC |      1836   14586.850   3,315.928  6,453.909  27266.928
-------------+--------------------------------------------------------
         inc |      1836       0.000       0.228     -0.790      0.651
         ARM |      1836      57.728      68.274      2.583    490.198
         arm |      1836       3.614       0.935      0.949      6.195
        POPA |      1836       1.418       0.090      1.231      1.736
        popa |      1836       0.347       0.062      0.208      0.552
-------------+--------------------------------------------------------
         URB |      1836       0.713       0.195      0.290      1.000
         urb |      1836       0.000       0.195     -0.423      0.287
     RAILPOP |      1836       0.088       0.207      0.000      1.000
       D7479 |      1836       0.056       0.229      0.000      1.000
       TREND |      1836      17.500      10.391      0.000     35.000
-------------+--------------------------------------------------------
          pf |      1836       4.669       0.203      4.100      5.273
          PV |      1836       1.066       0.197      0.777      1.493
          pv |      1836       0.048       0.178     -0.252      0.401
          LA |      1836       0.905       0.083      0.625      1.149
          la |      1836      -0.104       0.094     -0.470      0.139
-------------+--------------------------------------------------------
        cafe |      1836       0.103       0.113      0.000      0.349

. 
. xtset id year
       panel variable:  id (strongly balanced)
        time variable:  year, 1966 to 2001
                delta:  1 unit

. 
. reg vma pm veh inc arm popa urb RAILPOP D7479 TREND

      Source |       SS       df       MS              Number of obs =    1836
-------------+------------------------------           F(  9,  1826) =  955.97
       Model |  83.4273507     9  9.26970563           Prob > F      =  0.0000
    Residual |  17.7061602  1826  .009696692           R-squared     =  0.8249
-------------+------------------------------           Adj R-squared =  0.8241
       Total |  101.133511  1835   .05511363           Root MSE      =  .09847

------------------------------------------------------------------------------
         vma |      Coef.   Std. Err.      t    P>|t|     [95% Conf. Interval]
-------------+----------------------------------------------------------------
          pm |  -.2301315    .012462   -18.47   0.000    -.2545727   -.2056903
         veh |   .5797463   .0213403    27.17   0.000     .5378923    .6216004
         inc |  -.1527639   .0192735    -7.93   0.000    -.1905643   -.1149636
         arm |  -.0222661   .0055999    -3.98   0.000    -.0332489   -.0112833
        popa |   .1066056    .075276     1.42   0.157    -.0410305    .2542417
         urb |  -.0243707   .0199983    -1.22   0.223    -.0635926    .0148511
     RAILPOP |  -.0460049   .0141874    -3.24   0.001    -.0738302   -.0181796
       D7479 |   .0417092   .0105033     3.97   0.000     .0211095    .0623088
       TREND |   .0072272    .000657    11.00   0.000     .0059386    .0085158
       _cons |   9.202452   .0427698   215.16   0.000     9.118569    9.286335
------------------------------------------------------------------------------

. 
. xtreg vma pm veh inc arm popa urb RAILPOP D7479 TREND, fe

Fixed-effects (within) regression               Number of obs      =      1836
Group variable: id                              Number of groups   =        51

R-sq:  within  = 0.8955                         Obs per group: min =        36
       between = 0.1897                                        avg =      36.0
       overall = 0.5570                                        max =        36

                                                F(9,1776)          =   1691.32
corr(u_i, Xb)  = -0.0087                        Prob > F           =    0.0000

------------------------------------------------------------------------------
         vma |      Coef.   Std. Err.      t    P>|t|     [95% Conf. Interval]
-------------+----------------------------------------------------------------
          pm |  -.1662821   .0080003   -20.78   0.000    -.1819731   -.1505911
         veh |   .2569884   .0209681    12.26   0.000     .2158637    .2981132
         inc |    .401629   .0244874    16.40   0.000     .3536018    .4496562
         arm |  -.0579252   .0111761    -5.18   0.000    -.0798449   -.0360056
        popa |  -.1272982   .0757926    -1.68   0.093    -.2759504     .021354
         urb |   .1438621   .0960269     1.50   0.134    -.0444755    .3321997
     RAILPOP |  -.0430473   .0145531    -2.96   0.003    -.0715903   -.0145044
       D7479 |   .0143666   .0060378     2.38   0.017     .0025247    .0262085
       TREND |   .0020035   .0005747     3.49   0.001     .0008763    .0031307
       _cons |   9.498745   .0532432   178.40   0.000     9.394319    9.603171
-------------+----------------------------------------------------------------
     sigma_u |  .14777285
     sigma_e |   .0556544
         rho |   .8757767   (fraction of variance due to u_i)
------------------------------------------------------------------------------
F test that all u_i=0:     F(50, 1776) =    86.38            Prob > F = 0.0000

. 
. gen pm2=pm^2

. 
. gen inc_pm=inc*pm

. 
. gen urb_pm=urb*pm

. 
. xtreg vma pm pm2 inc_pm urb_pm veh inc arm popa urb RAILPOP D7479 TREND, fe

Fixed-effects (within) regression               Number of obs      =      1836
Group variable: id                              Number of groups   =        51

R-sq:  within  = 0.9064                         Obs per group: min =        36
       between = 0.5118                                        avg =      36.0
       overall = 0.7122                                        max =        36

                                                F(12,1773)         =   1431.02
corr(u_i, Xb)  = -0.1241                        Prob > F           =    0.0000

------------------------------------------------------------------------------
         vma |      Coef.   Std. Err.      t    P>|t|     [95% Conf. Interval]
-------------+----------------------------------------------------------------
          pm |  -.1702134   .0079807   -21.33   0.000     -.185866   -.1545609
         pm2 |   .1286945   .0144678     8.90   0.000     .1003188    .1570702
      inc_pm |   .3467404   .0314941    11.01   0.000      .284971    .4085098
      urb_pm |   .0261891    .024652     1.06   0.288     -.022161    .0745392
         veh |   .2506962    .019999    12.54   0.000     .2114722    .2899202
         inc |   .3965954   .0244004    16.25   0.000     .3487388    .4444521
         arm |  -.0608016   .0107159    -5.67   0.000    -.0818187   -.0397845
        popa |   .3144881    .084132     3.74   0.000     .1494798    .4794964
         urb |  -.3921175   .1019939    -3.84   0.000    -.5921585   -.1920765
     RAILPOP |  -.0003053   .0142761    -0.02   0.983     -.028305    .0276945
       D7479 |   .0054448   .0057666     0.94   0.345    -.0058652    .0167549
       TREND |   .0042583   .0006413     6.64   0.000     .0030005     .005516
       _cons |   9.312383    .053706   173.40   0.000     9.207049    9.417716
-------------+----------------------------------------------------------------
     sigma_u |  .11681398
     sigma_e |  .05271645
         rho |  .83080036   (fraction of variance due to u_i)
------------------------------------------------------------------------------
F test that all u_i=0:     F(50, 1773) =    88.38            Prob > F = 0.0000

. 
. gen rebound=_b[pm]+_b[pm2]*pm*2+_b[inc_pm]*inc+_b[urb_pm]*urb

. 
. sum rebound

    Variable |       Obs        Mean    Std. Dev.       Min        Max
-------------+--------------------------------------------------------
     rebound |      1836   -.1702133    .0831993  -.3819439   .0882224

. sort year

. 
. by year: egen rebound_a_yr=mean(rebound)

. 
. sum rebound_a_yr if id==1

    Variable |       Obs        Mean    Std. Dev.       Min        Max
-------------+--------------------------------------------------------
rebound_a_yr |        36   -.1702133    .0525168  -.2413779  -.0493691

. by year: egen yearmean=mean(rebound)

. 
. by year: egen yearmin=min(rebound)

. 
. by year: egen yearmax=max(rebound)

. 
. list year yearmean yearmin yearmax if id==1

      +------------------------------------------+
      | year    yearmean     yearmin     yearmax |
      |------------------------------------------|
  30. | 1966   -.2196822   -.3411312   -.0790096 |
  62. | 1967   -.2098839   -.3301935   -.0660828 |
 144. | 1968   -.2009672   -.3309192   -.0591326 |
 204. | 1969    -.193831   -.3154795   -.0505095 |
 253. | 1970   -.1945162   -.3050928   -.0536206 |
      |------------------------------------------|
 284. | 1971   -.1950161   -.2943422   -.0583478 |
 336. | 1972   -.1848795   -.2752314   -.0426342 |
 365. | 1973   -.1613601   -.2612177   -.0384528 |
 437. | 1974   -.1183525   -.2210447     .017102 |
 467. | 1975   -.1248888   -.2498286    .0413676 |
      |------------------------------------------|
 548. | 1976   -.1181674   -.2319278    .0591358 |
 603. | 1977   -.1143598   -.2107643    .0458816 |
 617. | 1978    -.112788   -.2188908    .0357406 |
 673. | 1979   -.0709045    -.172795    .0839781 |
 761. | 1980   -.0493691   -.1504354    .0663166 |
      |------------------------------------------|
 785. | 1981   -.0540104   -.1377471    .0882224 |
 857. | 1982   -.0920899   -.1889832    .0694279 |
 909. | 1983   -.1286296    -.252086    .0356986 |
 931. | 1984   -.1333412   -.2607353    .0159111 |
 984. | 1985   -.1356444   -.2683529   -.0123966 |
      |------------------------------------------|
1065. | 1986   -.2033057   -.3328701   -.0778344 |
1074. | 1987   -.2007578   -.3252831    -.060282 |
1128. | 1988   -.2056258   -.3384833   -.0326082 |
1202. | 1989   -.1940463   -.3266346   -.0287505 |
1231. | 1990   -.1836841   -.3231619   -.0389447 |
      |------------------------------------------|
1292. | 1991   -.2112969   -.3422583   -.0604301 |
1338. | 1992   -.2135911   -.3513148   -.0528374 |
1391. | 1993   -.2226495   -.3461612   -.0392703 |
1469. | 1994   -.2212509   -.3432928   -.0503672 |
1496. | 1995   -.2219724   -.3455449   -.0367511 |
      |------------------------------------------|
1551. | 1996   -.2096557   -.3365785   -.0526623 |
1588. | 1997   -.2130233   -.3384078   -.0456809 |
1681. | 1998   -.2413779   -.3819439   -.0730419 |
1702. | 1999    -.219757   -.3592894   -.0368605 |
1735. | 2000   -.1583314    -.315166    .0094642 |
      |------------------------------------------|
1800. | 2001   -.1946707   -.3439374   -.0305618 |
      +------------------------------------------+

. 
. tsline yearmean yearmax yearmin if id==1

. sort state

. 
. by state: egen rebound_a_state=mean(rebound)

. 
. sum rebound_a_state if year==2000

    Variable |       Obs        Mean    Std. Dev.       Min        Max
-------------+--------------------------------------------------------
rebound_a_~e |        51   -.1702133    .0605998  -.2890511  -.0467663

. by state: egen statemean=mean(rebound)

. 
. by state: egen statemin=min(rebound)

. 
. by state: egen statemax=max(rebound)

. 
. list state statemean statemax statemin if year==2000

      +----------------------------------------------------+
      |          state   statemean    statemax    statemin |
      |----------------------------------------------------|
  28. |        Alabama   -.2516756   -.1166797   -.3344621 |
  71. |         Alaska   -.0506986    .0882224   -.1448113 |
  86. |        Arizona   -.1862949   -.0298633   -.2614515 |
 115. |       Arkansas     -.25014   -.1230938   -.3396029 |
 160. |     California   -.1062407    .0528987   -.1977348 |
      |----------------------------------------------------|
 185. |       Colorado   -.1339775   -.0291012   -.2005527 |
 232. |    Connecticut   -.0486899    .0565424   -.1332798 |
 261. |       Delaware   -.1143023   -.0119319   -.2038067 |
 315. |  Dist. of Col.   -.0467663     .017102   -.1146403 |
 336. |        Florida   -.1704694   -.0437376   -.2432733 |
      |----------------------------------------------------|
 392. |        Georgia   -.2218667   -.0976901    -.307136 |
 420. |         Hawaii   -.1001754   -.0106067   -.1779694 |
 467. |          Idaho    -.223708   -.0991118   -.3008585 |
 479. |       Illinois   -.1047319    .0127661   -.1912654 |
 536. |        Indiana   -.1943157   -.0537976   -.2862521 |
      |----------------------------------------------------|
 560. |           Iowa   -.1666216   -.0248921   -.2609223 |
 598. |         Kansas   -.1759179   -.0414079   -.2673914 |
 642. |       Kentucky   -.2443009   -.1076251   -.3092119 |
 674. |      Louisiana    -.202466   -.0085478   -.2839732 |
 690. |          Maine   -.2082856   -.1031216   -.2744468 |
      |----------------------------------------------------|
 749. |       Maryland    -.095913     .011518   -.1816938 |
 789. |  Massachusetts   -.0915734   -.0059111   -.1611243 |
 804. |       Michigan   -.1465926   -.0162524   -.2300432 |
 838. |      Minnesota   -.1411581   -.0325788    -.196253 |
 871. |    Mississippi   -.2890511   -.1335947   -.3819439 |
      |----------------------------------------------------|
 914. |       Missouri    -.176381   -.0523864   -.2803052 |
 967. |        Montana   -.2165057   -.0870477   -.3006174 |
1002. |       Nebraska   -.1773444   -.0589963   -.2674325 |
1013. |         Nevada   -.0766192    .0663166   -.1589924 |
1061. |  New Hampshire   -.1415817   -.0492495   -.2384752 |
      |----------------------------------------------------|
1091. |     New Jersey   -.0806571    .0046128   -.1641493 |
1127. |     New Mexico   -.2543772    -.111444   -.3559431 |
1180. |       New York   -.0845418     .026005   -.1865281 |
1213. | North Carolina   -.2115523   -.0995651   -.2801664 |
1240. |   North Dakota   -.2125176   -.0670858   -.3309192 |
      |----------------------------------------------------|
1274. |           Ohio   -.1540974   -.0443851   -.2315968 |
1313. |       Oklahoma   -.2375201   -.0647115   -.3617037 |
1364. |         Oregon   -.1696628   -.0305219   -.2337546 |
1391. |   Pennsylvania   -.1551801   -.0410095   -.2263731 |
1407. |   Rhode Island   -.1440764   -.0453955   -.2205173 |
      |----------------------------------------------------|
1474. | South Carolina   -.2516782    -.113955   -.3184086 |
1510. |   South Dakota   -.2264402   -.1002283   -.3142428 |
1519. |      Tennessee   -.2181268   -.0869055   -.2891062 |
1568. |          Texas   -.1768404   -.0356537    -.255071 |
1601. |           Utah   -.2281016   -.1112768   -.3143393 |
      |----------------------------------------------------|
1630. |        Vermont   -.2036059   -.1054404    -.276358 |
1661. |       Virginia   -.1590095   -.0292359   -.2538781 |
1703. |     Washington   -.1398065   -.0167611   -.2134105 |
1737. |  West Virginia   -.2423126    -.069841   -.3422683 |
1780. |      Wisconsin   -.1873488   -.0446903   -.2669973 |
      |----------------------------------------------------|
1809. |        Wyoming   -.1890598    .0295592   -.3208669 |
      +----------------------------------------------------+

. reg vma pm veh inc arm popa urb RAILPOP D7479 TREND 

      Source |       SS       df       MS              Number of obs =    1836
-------------+------------------------------           F(  9,  1826) =  955.97
       Model |  83.4273507     9  9.26970563           Prob > F      =  0.0000
    Residual |  17.7061602  1826  .009696692           R-squared     =  0.8249
-------------+------------------------------           Adj R-squared =  0.8241
       Total |  101.133511  1835   .05511363           Root MSE      =  .09847

------------------------------------------------------------------------------
         vma |      Coef.   Std. Err.      t    P>|t|     [95% Conf. Interval]
-------------+----------------------------------------------------------------
          pm |  -.2301315    .012462   -18.47   0.000    -.2545727   -.2056903
         veh |   .5797463   .0213403    27.17   0.000     .5378923    .6216004
         inc |  -.1527639   .0192735    -7.93   0.000    -.1905643   -.1149636
         arm |  -.0222661   .0055999    -3.98   0.000    -.0332489   -.0112833
        popa |   .1066056    .075276     1.42   0.157    -.0410305    .2542417
         urb |  -.0243707   .0199983    -1.22   0.223    -.0635926    .0148511
     RAILPOP |  -.0460049   .0141874    -3.24   0.001    -.0738302   -.0181796
       D7479 |   .0417092   .0105033     3.97   0.000     .0211095    .0623088
       TREND |   .0072272    .000657    11.00   0.000     .0059386    .0085158
       _cons |   9.202452   .0427698   215.16   0.000     9.118569    9.286335
------------------------------------------------------------------------------

. 
. estimates store m1, title(Ordinary Least Squares)

. 
. xtreg vma pm veh inc arm popa urb RAILPOP D7479 TREND, fe

Fixed-effects (within) regression               Number of obs      =      1836
Group variable: id                              Number of groups   =        51

R-sq:  within  = 0.8955                         Obs per group: min =        36
       between = 0.1897                                        avg =      36.0
       overall = 0.5570                                        max =        36

                                                F(9,1776)          =   1691.32
corr(u_i, Xb)  = -0.0087                        Prob > F           =    0.0000

------------------------------------------------------------------------------
         vma |      Coef.   Std. Err.      t    P>|t|     [95% Conf. Interval]
-------------+----------------------------------------------------------------
          pm |  -.1662821   .0080003   -20.78   0.000    -.1819731   -.1505911
         veh |   .2569884   .0209681    12.26   0.000     .2158637    .2981132
         inc |    .401629   .0244874    16.40   0.000     .3536018    .4496562
         arm |  -.0579252   .0111761    -5.18   0.000    -.0798449   -.0360056
        popa |  -.1272982   .0757926    -1.68   0.093    -.2759504     .021354
         urb |   .1438621   .0960269     1.50   0.134    -.0444755    .3321997
     RAILPOP |  -.0430473   .0145531    -2.96   0.003    -.0715903   -.0145044
       D7479 |   .0143666   .0060378     2.38   0.017     .0025247    .0262085
       TREND |   .0020035   .0005747     3.49   0.001     .0008763    .0031307
       _cons |   9.498745   .0532432   178.40   0.000     9.394319    9.603171
-------------+----------------------------------------------------------------
     sigma_u |  .14777285
     sigma_e |   .0556544
         rho |   .8757767   (fraction of variance due to u_i)
------------------------------------------------------------------------------
F test that all u_i=0:     F(50, 1776) =    86.38            Prob > F = 0.0000

. 
. estimates store m2, title(State-Level Fixed Effect)

. 
. xtreg vma pm pm2 inc_pm urb_pm veh inc arm popa urb RAILPOP D7479 TREND, fe

Fixed-effects (within) regression               Number of obs      =      1836
Group variable: id                              Number of groups   =        51

R-sq:  within  = 0.9064                         Obs per group: min =        36
       between = 0.5118                                        avg =      36.0
       overall = 0.7122                                        max =        36

                                                F(12,1773)         =   1431.02
corr(u_i, Xb)  = -0.1241                        Prob > F           =    0.0000

------------------------------------------------------------------------------
         vma |      Coef.   Std. Err.      t    P>|t|     [95% Conf. Interval]
-------------+----------------------------------------------------------------
          pm |  -.1702134   .0079807   -21.33   0.000     -.185866   -.1545609
         pm2 |   .1286945   .0144678     8.90   0.000     .1003188    .1570702
      inc_pm |   .3467404   .0314941    11.01   0.000      .284971    .4085098
      urb_pm |   .0261891    .024652     1.06   0.288     -.022161    .0745392
         veh |   .2506962    .019999    12.54   0.000     .2114722    .2899202
         inc |   .3965954   .0244004    16.25   0.000     .3487388    .4444521
         arm |  -.0608016   .0107159    -5.67   0.000    -.0818187   -.0397845
        popa |   .3144881    .084132     3.74   0.000     .1494798    .4794964
         urb |  -.3921175   .1019939    -3.84   0.000    -.5921585   -.1920765
     RAILPOP |  -.0003053   .0142761    -0.02   0.983     -.028305    .0276945
       D7479 |   .0054448   .0057666     0.94   0.345    -.0058652    .0167549
       TREND |   .0042583   .0006413     6.64   0.000     .0030005     .005516
       _cons |   9.312383    .053706   173.40   0.000     9.207049    9.417716
-------------+----------------------------------------------------------------
     sigma_u |  .11681398
     sigma_e |  .05271645
         rho |  .83080036   (fraction of variance due to u_i)
------------------------------------------------------------------------------
F test that all u_i=0:     F(50, 1773) =    88.38            Prob > F = 0.0000

. 
. estimates store m3, title(A Variable Cofficient Model with Fixed Effect)

. 
. estout m1 m2 m3, cells(b(star fmt(3)) se(par fmt(2)) t(star fmt(3))) legend label varlabels(_cons consta
> nt)stats(r2 df_r bic, fmt(3 0 1) label(R-sqr dfres BIC))

--------------------------------------------------------------------
                     Ordinary L~s    State-Leve~t    A Variable~h   
                           b/se/t          b/se/t          b/se/t   
--------------------------------------------------------------------
pm                         -0.230***       -0.166***       -0.170***
                           (0.01)          (0.01)          (0.01)   
                          -18.467***      -20.784***      -21.328***
veh                         0.580***        0.257***        0.251***
                           (0.02)          (0.02)          (0.02)   
                           27.167***       12.256***       12.535***
inc                        -0.153***        0.402***        0.397***
                           (0.02)          (0.02)          (0.02)   
                           -7.926***       16.401***       16.254***
arm                        -0.022***       -0.058***       -0.061***
                           (0.01)          (0.01)          (0.01)   
                           -3.976***       -5.183***       -5.674***
popa                        0.107          -0.127           0.314***
                           (0.08)          (0.08)          (0.08)   
                            1.416          -1.680           3.738***
urb                        -0.024           0.144          -0.392***
                           (0.02)          (0.10)          (0.10)   
                           -1.219           1.498          -3.845***
RAILPOP                    -0.046**        -0.043**        -0.000   
                           (0.01)          (0.01)          (0.01)   
                           -3.243**        -2.958**        -0.021   
D7479                       0.042***        0.014*          0.005   
                           (0.01)          (0.01)          (0.01)   
                            3.971***        2.379*          0.944   
TREND                       0.007***        0.002***        0.004***
                           (0.00)          (0.00)          (0.00)   
                           11.000***        3.486***        6.640***
pm2                                                         0.129***
                                                           (0.01)   
                                                            8.895***
inc_pm                                                      0.347***
                                                           (0.03)   
                                                           11.010***
urb_pm                                                      0.026   
                                                           (0.02)   
                                                            1.062   
constant                    9.202***        9.499***        9.312***
                           (0.04)          (0.05)          (0.05)   
                          215.162***      178.403***      173.396***
--------------------------------------------------------------------
R-sqr                       0.825           0.896           0.906   
dfres                        1826            1776            1773   
BIC                       -3236.2         -5382.4         -5562.1   
--------------------------------------------------------------------
* p<0.05, ** p<0.01, *** p<0.001

. graph save Graph "C:\users\crossover\My Documents\Studies\EBGN590_Econometrics\Project due mid April\App
> endix F-3.gph"
(file C:\users\crossover\My Documents\Studies\EBGN590_Econometrics\Project due mid April\Appendix F-3.gph 
> saved)
graph save Graph "C:\users\crossover\My Documents\Studies\EBGN590_Econometrics\Project due mid April\Appen
> dix F-3.gph", replace
(file C:\users\crossover\My Documents\Studies\EBGN590_Econometrics\Project due mid April\Appendix F-3.gph 
> saved)
graph save Graph "C:\users\crossover\My Documents\Studies\EBGN590_Econometrics\Project due mid April\Appen
> dix F-3.gph", replace
(file C:\users\crossover\My Documents\Studies\EBGN590_Econometrics\Project due mid April\Appendix F-3.gph 
> saved)
log off
      name:  <unnamed>
       log:  C:\users\crossover\My Documents\Studies\EBGN590_Econometrics\Project due mid April\Appendix H
> _Statistical Output File.log
  log type:  text
 paused on:  26 Apr 2016, 00:05:27
----------------------------------------------------------------------------------------------------------
